#! /opt/homebrew/Cellar/icarus-verilog/11.0/bin/vvp
:ivl_version "11.0 (stable)";
:ivl_delay_selection "TYPICAL";
:vpi_time_precision + 0;
:vpi_module "/opt/homebrew/Cellar/icarus-verilog/11.0/lib/ivl/system.vpi";
:vpi_module "/opt/homebrew/Cellar/icarus-verilog/11.0/lib/ivl/vhdl_sys.vpi";
:vpi_module "/opt/homebrew/Cellar/icarus-verilog/11.0/lib/ivl/vhdl_textio.vpi";
:vpi_module "/opt/homebrew/Cellar/icarus-verilog/11.0/lib/ivl/v2005_math.vpi";
:vpi_module "/opt/homebrew/Cellar/icarus-verilog/11.0/lib/ivl/va_math.vpi";
S_0x12e605460 .scope module, "top" "top" 2 3;
 .timescale 0 0;
v0x6000016a8ea0_0 .var "Enable", 0 0;
v0x6000016a8f30_0 .net "d0", 0 0, L_0x600000fa91f0;  1 drivers
v0x6000016a8fc0_0 .net "d1", 0 0, L_0x600000fa9260;  1 drivers
v0x6000016a9050_0 .net "d2", 0 0, L_0x600000fa92d0;  1 drivers
v0x6000016a90e0_0 .net "d3", 0 0, L_0x600000fa9340;  1 drivers
v0x6000016a9170_0 .var "i0", 0 0;
v0x6000016a9200_0 .var "i1", 0 0;
v0x6000016a9290_0 .var "s0", 0 0;
v0x6000016a9320_0 .var "s1", 0 0;
v0x6000016a93b0_0 .net "y", 0 0, v0x6000016a8e10_0;  1 drivers
S_0x12e604b40 .scope module, "decoder" "decoder" 2 7, 3 1 0, S_0x12e605460;
 .timescale 0 0;
    .port_info 0 /INPUT 1 "Enable";
    .port_info 1 /INPUT 1 "i0";
    .port_info 2 /INPUT 1 "i1";
    .port_info 3 /OUTPUT 1 "d0";
    .port_info 4 /OUTPUT 1 "d1";
    .port_info 5 /OUTPUT 1 "d2";
    .port_info 6 /OUTPUT 1 "d3";
L_0x600000fa9110 .functor NOT 1, v0x6000016a9170_0, C4<0>, C4<0>, C4<0>;
L_0x600000fa9180 .functor NOT 1, v0x6000016a9200_0, C4<0>, C4<0>, C4<0>;
L_0x600000fa91f0 .functor AND 1, v0x6000016a8ea0_0, L_0x600000fa9110, L_0x600000fa9180, C4<1>;
L_0x600000fa9260 .functor AND 1, v0x6000016a8ea0_0, L_0x600000fa9110, v0x6000016a9200_0, C4<1>;
L_0x600000fa92d0 .functor AND 1, v0x6000016a8ea0_0, v0x6000016a9170_0, L_0x600000fa9180, C4<1>;
L_0x600000fa9340 .functor AND 1, v0x6000016a8ea0_0, v0x6000016a9170_0, v0x6000016a9200_0, C4<1>;
v0x6000016a85a0_0 .net "Enable", 0 0, v0x6000016a8ea0_0;  1 drivers
v0x6000016a8630_0 .net "d0", 0 0, L_0x600000fa91f0;  alias, 1 drivers
v0x6000016a86c0_0 .net "d1", 0 0, L_0x600000fa9260;  alias, 1 drivers
v0x6000016a8750_0 .net "d2", 0 0, L_0x600000fa92d0;  alias, 1 drivers
v0x6000016a87e0_0 .net "d3", 0 0, L_0x600000fa9340;  alias, 1 drivers
v0x6000016a8870_0 .net "i0", 0 0, v0x6000016a9170_0;  1 drivers
v0x6000016a8900_0 .net "i1", 0 0, v0x6000016a9200_0;  1 drivers
v0x6000016a8990_0 .net "ni0", 0 0, L_0x600000fa9110;  1 drivers
v0x6000016a8a20_0 .net "ni1", 0 0, L_0x600000fa9180;  1 drivers
S_0x12e604cb0 .scope module, "uut" "mux4_1" 2 11, 4 1 0, S_0x12e605460;
 .timescale 0 0;
    .port_info 0 /INPUT 1 "i0";
    .port_info 1 /INPUT 1 "i1";
    .port_info 2 /INPUT 1 "i2";
    .port_info 3 /INPUT 1 "i3";
    .port_info 4 /INPUT 1 "s0";
    .port_info 5 /INPUT 1 "s1";
    .port_info 6 /OUTPUT 1 "y";
v0x6000016a8ab0_0 .net "i0", 0 0, L_0x600000fa91f0;  alias, 1 drivers
v0x6000016a8b40_0 .net "i1", 0 0, L_0x600000fa9260;  alias, 1 drivers
v0x6000016a8bd0_0 .net "i2", 0 0, L_0x600000fa92d0;  alias, 1 drivers
v0x6000016a8c60_0 .net "i3", 0 0, L_0x600000fa9340;  alias, 1 drivers
v0x6000016a8cf0_0 .net "s0", 0 0, v0x6000016a9290_0;  1 drivers
v0x6000016a8d80_0 .net "s1", 0 0, v0x6000016a9320_0;  1 drivers
v0x6000016a8e10_0 .var "y", 0 0;
E_0x600002aa95f0/0 .event edge, v0x6000016a8cf0_0, v0x6000016a8d80_0, v0x6000016a8630_0, v0x6000016a86c0_0;
E_0x600002aa95f0/1 .event edge, v0x6000016a8750_0, v0x6000016a87e0_0;
E_0x600002aa95f0 .event/or E_0x600002aa95f0/0, E_0x600002aa95f0/1;
    .scope S_0x12e604cb0;
T_0 ;
    %wait E_0x600002aa95f0;
    %load/vec4 v0x6000016a8cf0_0;
    %load/vec4 v0x6000016a8d80_0;
    %concat/vec4; draw_concat_vec4
    %dup/vec4;
    %pushi/vec4 0, 0, 2;
    %cmp/u;
    %jmp/1 T_0.0, 6;
    %dup/vec4;
    %pushi/vec4 1, 0, 2;
    %cmp/u;
    %jmp/1 T_0.1, 6;
    %dup/vec4;
    %pushi/vec4 2, 0, 2;
    %cmp/u;
    %jmp/1 T_0.2, 6;
    %dup/vec4;
    %pushi/vec4 3, 0, 2;
    %cmp/u;
    %jmp/1 T_0.3, 6;
    %jmp T_0.4;
T_0.0 ;
    %load/vec4 v0x6000016a8ab0_0;
    %store/vec4 v0x6000016a8e10_0, 0, 1;
    %jmp T_0.4;
T_0.1 ;
    %load/vec4 v0x6000016a8b40_0;
    %store/vec4 v0x6000016a8e10_0, 0, 1;
    %jmp T_0.4;
T_0.2 ;
    %load/vec4 v0x6000016a8bd0_0;
    %store/vec4 v0x6000016a8e10_0, 0, 1;
    %jmp T_0.4;
T_0.3 ;
    %load/vec4 v0x6000016a8c60_0;
    %store/vec4 v0x6000016a8e10_0, 0, 1;
    %jmp T_0.4;
T_0.4 ;
    %pop/vec4 1;
    %jmp T_0;
    .thread T_0, $push;
    .scope S_0x12e605460;
T_1 ;
    %pushi/vec4 1, 0, 1;
    %store/vec4 v0x6000016a8ea0_0, 0, 1;
    %pushi/vec4 0, 0, 1;
    %store/vec4 v0x6000016a9170_0, 0, 1;
    %pushi/vec4 1, 0, 1;
    %store/vec4 v0x6000016a9200_0, 0, 1;
    %pushi/vec4 0, 0, 1;
    %store/vec4 v0x6000016a9290_0, 0, 1;
    %pushi/vec4 1, 0, 1;
    %store/vec4 v0x6000016a9320_0, 0, 1;
    %delay 100, 0;
    %vpi_call 2 20 "$display", "Enable : %b,i0 : %b,i1:%b,d0: %b,d1: %b,d2 : %b,d3 : %b,s0 : %b,s1 : %b", v0x6000016a8ea0_0, v0x6000016a9170_0, v0x6000016a9200_0, v0x6000016a8f30_0, v0x6000016a8fc0_0, v0x6000016a9050_0, v0x6000016a90e0_0, v0x6000016a9290_0, v0x6000016a9320_0 {0 0 0};
    %vpi_call 2 21 "$display", "y : %b ", v0x6000016a93b0_0 {0 0 0};
    %pushi/vec4 1, 0, 1;
    %store/vec4 v0x6000016a8ea0_0, 0, 1;
    %pushi/vec4 0, 0, 1;
    %store/vec4 v0x6000016a9170_0, 0, 1;
    %pushi/vec4 1, 0, 1;
    %store/vec4 v0x6000016a9200_0, 0, 1;
    %pushi/vec4 0, 0, 1;
    %store/vec4 v0x6000016a9290_0, 0, 1;
    %pushi/vec4 0, 0, 1;
    %store/vec4 v0x6000016a9320_0, 0, 1;
    %delay 100, 0;
    %vpi_call 2 29 "$display", "Enable : %b,i0 : %b,i1:%b,d0: %b,d1: %b,d2 : %b,d3 : %b,s0 : %b,s1 : %b", v0x6000016a8ea0_0, v0x6000016a9170_0, v0x6000016a9200_0, v0x6000016a8f30_0, v0x6000016a8fc0_0, v0x6000016a9050_0, v0x6000016a90e0_0, v0x6000016a9290_0, v0x6000016a9320_0 {0 0 0};
    %vpi_call 2 30 "$display", "y : %b ", v0x6000016a93b0_0 {0 0 0};
    %pushi/vec4 1, 0, 1;
    %store/vec4 v0x6000016a8ea0_0, 0, 1;
    %pushi/vec4 0, 0, 1;
    %store/vec4 v0x6000016a9170_0, 0, 1;
    %pushi/vec4 1, 0, 1;
    %store/vec4 v0x6000016a9200_0, 0, 1;
    %pushi/vec4 1, 0, 1;
    %store/vec4 v0x6000016a9290_0, 0, 1;
    %pushi/vec4 1, 0, 1;
    %store/vec4 v0x6000016a9320_0, 0, 1;
    %delay 100, 0;
    %vpi_call 2 38 "$display", "Enable : %b,i0 : %b,i1:%b,d0: %b,d1: %b,d2 : %b,d3 : %b,s0 : %b,s1 : %b", v0x6000016a8ea0_0, v0x6000016a9170_0, v0x6000016a9200_0, v0x6000016a8f30_0, v0x6000016a8fc0_0, v0x6000016a9050_0, v0x6000016a90e0_0, v0x6000016a9290_0, v0x6000016a9320_0 {0 0 0};
    %vpi_call 2 39 "$display", "y : %b ", v0x6000016a93b0_0 {0 0 0};
    %pushi/vec4 1, 0, 1;
    %store/vec4 v0x6000016a8ea0_0, 0, 1;
    %pushi/vec4 0, 0, 1;
    %store/vec4 v0x6000016a9170_0, 0, 1;
    %pushi/vec4 1, 0, 1;
    %store/vec4 v0x6000016a9200_0, 0, 1;
    %pushi/vec4 1, 0, 1;
    %store/vec4 v0x6000016a9290_0, 0, 1;
    %pushi/vec4 0, 0, 1;
    %store/vec4 v0x6000016a9320_0, 0, 1;
    %delay 100, 0;
    %vpi_call 2 47 "$display", "Enable : %b,i0 : %b,i1:%b,d0: %b,d1: %b,d2 : %b,d3 : %b,s0 : %b,s1 : %b", v0x6000016a8ea0_0, v0x6000016a9170_0, v0x6000016a9200_0, v0x6000016a8f30_0, v0x6000016a8fc0_0, v0x6000016a9050_0, v0x6000016a90e0_0, v0x6000016a9290_0, v0x6000016a9320_0 {0 0 0};
    %vpi_call 2 48 "$display", "y : %b ", v0x6000016a93b0_0 {0 0 0};
    %end;
    .thread T_1;
# The file index is used to find the file name in the following table.
:file_names 5;
    "N/A";
    "<interactive>";
    "top.v";
    "./decoder.v";
    "./mux4_1.v";
