#! /opt/homebrew/Cellar/icarus-verilog/11.0/bin/vvp
:ivl_version "11.0 (stable)";
:ivl_delay_selection "TYPICAL";
:vpi_time_precision + 0;
:vpi_module "/opt/homebrew/Cellar/icarus-verilog/11.0/lib/ivl/system.vpi";
:vpi_module "/opt/homebrew/Cellar/icarus-verilog/11.0/lib/ivl/vhdl_sys.vpi";
:vpi_module "/opt/homebrew/Cellar/icarus-verilog/11.0/lib/ivl/vhdl_textio.vpi";
:vpi_module "/opt/homebrew/Cellar/icarus-verilog/11.0/lib/ivl/v2005_math.vpi";
:vpi_module "/opt/homebrew/Cellar/icarus-verilog/11.0/lib/ivl/va_math.vpi";
S_0x130e06210 .scope module, "main_tb" "main_tb" 2 2;
 .timescale 0 0;
v0x600003d00000_0 .var "clk", 0 0;
v0x600003d010e0_0 .var "wire0", 15 0;
v0x600003d01170_0 .var "wire1", 15 0;
v0x600003d01200_0 .var "wire10", 15 0;
v0x600003d01290_0 .var "wire11", 15 0;
v0x600003d01320_0 .var "wire12", 15 0;
v0x600003d013b0_0 .var "wire13", 15 0;
v0x600003d01440_0 .var "wire14", 15 0;
v0x600003d014d0_0 .var "wire15", 15 0;
v0x600003d01560_0 .var "wire2", 15 0;
v0x600003d015f0_0 .var "wire3", 15 0;
v0x600003d01680_0 .var "wire4", 15 0;
v0x600003d01710_0 .var "wire5", 15 0;
v0x600003d017a0_0 .var "wire6", 15 0;
v0x600003d01830_0 .var "wire7", 15 0;
v0x600003d018c0_0 .var "wire8", 15 0;
v0x600003d01950_0 .var "wire9", 15 0;
S_0x130e04b40 .scope module, "cube_sort" "main" 2 20, 3 1 0, S_0x130e06210;
 .timescale 0 0;
    .port_info 0 /INPUT 1 "clk";
    .port_info 1 /INPUT 16 "input0";
    .port_info 2 /INPUT 16 "input1";
    .port_info 3 /INPUT 16 "input2";
    .port_info 4 /INPUT 16 "input3";
    .port_info 5 /INPUT 16 "input4";
    .port_info 6 /INPUT 16 "input5";
    .port_info 7 /INPUT 16 "input6";
    .port_info 8 /INPUT 16 "input7";
    .port_info 9 /INPUT 16 "input8";
    .port_info 10 /INPUT 16 "input9";
    .port_info 11 /INPUT 16 "input10";
    .port_info 12 /INPUT 16 "input11";
    .port_info 13 /INPUT 16 "input12";
    .port_info 14 /INPUT 16 "input13";
    .port_info 15 /INPUT 16 "input14";
    .port_info 16 /INPUT 16 "input15";
v0x600003d00510_0 .net "clk", 0 0, v0x600003d00000_0;  1 drivers
v0x600003d005a0 .array "first_input", 0 15, 31 0;
v0x600003d00630_0 .net "input0", 15 0, v0x600003d010e0_0;  1 drivers
v0x600003d006c0_0 .net "input1", 15 0, v0x600003d01170_0;  1 drivers
v0x600003d00750_0 .net "input10", 15 0, v0x600003d01200_0;  1 drivers
v0x600003d007e0_0 .net "input11", 15 0, v0x600003d01290_0;  1 drivers
v0x600003d00870_0 .net "input12", 15 0, v0x600003d01320_0;  1 drivers
v0x600003d00900_0 .net "input13", 15 0, v0x600003d013b0_0;  1 drivers
v0x600003d00990_0 .net "input14", 15 0, v0x600003d01440_0;  1 drivers
v0x600003d00a20_0 .net "input15", 15 0, v0x600003d014d0_0;  1 drivers
v0x600003d00ab0_0 .net "input2", 15 0, v0x600003d01560_0;  1 drivers
v0x600003d00b40_0 .net "input3", 15 0, v0x600003d015f0_0;  1 drivers
v0x600003d00bd0_0 .net "input4", 15 0, v0x600003d01680_0;  1 drivers
v0x600003d00c60_0 .net "input5", 15 0, v0x600003d01710_0;  1 drivers
v0x600003d00cf0_0 .net "input6", 15 0, v0x600003d017a0_0;  1 drivers
v0x600003d00d80_0 .net "input7", 15 0, v0x600003d01830_0;  1 drivers
v0x600003d00e10_0 .net "input8", 15 0, v0x600003d018c0_0;  1 drivers
v0x600003d00ea0_0 .net "input9", 15 0, v0x600003d01950_0;  1 drivers
v0x600003d00f30 .array "outputNodes", 0 15, 31 0;
v0x600003d00fc0_0 .var "temp", 31 0;
E_0x6000001081e0 .event posedge, v0x600003d00510_0;
S_0x130e04cb0 .scope begin, "$ivl_for_loop0" "$ivl_for_loop0" 3 56, 3 56 0, S_0x130e04b40;
 .timescale 0 0;
v0x600003d00480_0 .var/i "b", 31 0;
S_0x130e09b20 .scope begin, "$ivl_for_loop1" "$ivl_for_loop1" 3 57, 3 57 0, S_0x130e04cb0;
 .timescale 0 0;
v0x600003d00240_0 .var/i "i", 31 0;
S_0x130e09c90 .scope begin, "$ivl_for_loop2" "$ivl_for_loop2" 3 58, 3 58 0, S_0x130e09b20;
 .timescale 0 0;
v0x600003d001b0_0 .var/i "j", 31 0;
    .scope S_0x130e04b40;
T_0 ;
    %wait E_0x6000001081e0;
    %load/vec4 v0x600003d00630_0;
    %pad/u 32;
    %ix/load 4, 0, 0;
    %flag_set/imm 4, 0;
    %store/vec4a v0x600003d00f30, 4, 0;
    %load/vec4 v0x600003d00630_0;
    %pad/u 32;
    %ix/load 4, 0, 0;
    %flag_set/imm 4, 0;
    %store/vec4a v0x600003d005a0, 4, 0;
    %load/vec4 v0x600003d006c0_0;
    %pad/u 32;
    %ix/load 4, 1, 0;
    %flag_set/imm 4, 0;
    %store/vec4a v0x600003d00f30, 4, 0;
    %load/vec4 v0x600003d006c0_0;
    %pad/u 32;
    %ix/load 4, 1, 0;
    %flag_set/imm 4, 0;
    %store/vec4a v0x600003d005a0, 4, 0;
    %load/vec4 v0x600003d00ab0_0;
    %pad/u 32;
    %ix/load 4, 2, 0;
    %flag_set/imm 4, 0;
    %store/vec4a v0x600003d00f30, 4, 0;
    %load/vec4 v0x600003d00ab0_0;
    %pad/u 32;
    %ix/load 4, 2, 0;
    %flag_set/imm 4, 0;
    %store/vec4a v0x600003d005a0, 4, 0;
    %load/vec4 v0x600003d00b40_0;
    %pad/u 32;
    %ix/load 4, 3, 0;
    %flag_set/imm 4, 0;
    %store/vec4a v0x600003d00f30, 4, 0;
    %load/vec4 v0x600003d00b40_0;
    %pad/u 32;
    %ix/load 4, 3, 0;
    %flag_set/imm 4, 0;
    %store/vec4a v0x600003d005a0, 4, 0;
    %load/vec4 v0x600003d00bd0_0;
    %pad/u 32;
    %ix/load 4, 4, 0;
    %flag_set/imm 4, 0;
    %store/vec4a v0x600003d00f30, 4, 0;
    %load/vec4 v0x600003d00bd0_0;
    %pad/u 32;
    %ix/load 4, 4, 0;
    %flag_set/imm 4, 0;
    %store/vec4a v0x600003d005a0, 4, 0;
    %load/vec4 v0x600003d00c60_0;
    %pad/u 32;
    %ix/load 4, 5, 0;
    %flag_set/imm 4, 0;
    %store/vec4a v0x600003d00f30, 4, 0;
    %load/vec4 v0x600003d00c60_0;
    %pad/u 32;
    %ix/load 4, 5, 0;
    %flag_set/imm 4, 0;
    %store/vec4a v0x600003d005a0, 4, 0;
    %load/vec4 v0x600003d00cf0_0;
    %pad/u 32;
    %ix/load 4, 6, 0;
    %flag_set/imm 4, 0;
    %store/vec4a v0x600003d00f30, 4, 0;
    %load/vec4 v0x600003d00cf0_0;
    %pad/u 32;
    %ix/load 4, 6, 0;
    %flag_set/imm 4, 0;
    %store/vec4a v0x600003d005a0, 4, 0;
    %load/vec4 v0x600003d00d80_0;
    %pad/u 32;
    %ix/load 4, 7, 0;
    %flag_set/imm 4, 0;
    %store/vec4a v0x600003d00f30, 4, 0;
    %load/vec4 v0x600003d00d80_0;
    %pad/u 32;
    %ix/load 4, 7, 0;
    %flag_set/imm 4, 0;
    %store/vec4a v0x600003d005a0, 4, 0;
    %load/vec4 v0x600003d00e10_0;
    %pad/u 32;
    %ix/load 4, 8, 0;
    %flag_set/imm 4, 0;
    %store/vec4a v0x600003d00f30, 4, 0;
    %load/vec4 v0x600003d00e10_0;
    %pad/u 32;
    %ix/load 4, 8, 0;
    %flag_set/imm 4, 0;
    %store/vec4a v0x600003d005a0, 4, 0;
    %load/vec4 v0x600003d00ea0_0;
    %pad/u 32;
    %ix/load 4, 9, 0;
    %flag_set/imm 4, 0;
    %store/vec4a v0x600003d00f30, 4, 0;
    %load/vec4 v0x600003d00ea0_0;
    %pad/u 32;
    %ix/load 4, 9, 0;
    %flag_set/imm 4, 0;
    %store/vec4a v0x600003d005a0, 4, 0;
    %load/vec4 v0x600003d00750_0;
    %pad/u 32;
    %ix/load 4, 10, 0;
    %flag_set/imm 4, 0;
    %store/vec4a v0x600003d00f30, 4, 0;
    %load/vec4 v0x600003d00750_0;
    %pad/u 32;
    %ix/load 4, 10, 0;
    %flag_set/imm 4, 0;
    %store/vec4a v0x600003d005a0, 4, 0;
    %load/vec4 v0x600003d007e0_0;
    %pad/u 32;
    %ix/load 4, 11, 0;
    %flag_set/imm 4, 0;
    %store/vec4a v0x600003d00f30, 4, 0;
    %load/vec4 v0x600003d007e0_0;
    %pad/u 32;
    %ix/load 4, 11, 0;
    %flag_set/imm 4, 0;
    %store/vec4a v0x600003d005a0, 4, 0;
    %load/vec4 v0x600003d00870_0;
    %pad/u 32;
    %ix/load 4, 12, 0;
    %flag_set/imm 4, 0;
    %store/vec4a v0x600003d00f30, 4, 0;
    %load/vec4 v0x600003d00870_0;
    %pad/u 32;
    %ix/load 4, 12, 0;
    %flag_set/imm 4, 0;
    %store/vec4a v0x600003d005a0, 4, 0;
    %load/vec4 v0x600003d00900_0;
    %pad/u 32;
    %ix/load 4, 13, 0;
    %flag_set/imm 4, 0;
    %store/vec4a v0x600003d00f30, 4, 0;
    %load/vec4 v0x600003d00900_0;
    %pad/u 32;
    %ix/load 4, 13, 0;
    %flag_set/imm 4, 0;
    %store/vec4a v0x600003d005a0, 4, 0;
    %load/vec4 v0x600003d00990_0;
    %pad/u 32;
    %ix/load 4, 14, 0;
    %flag_set/imm 4, 0;
    %store/vec4a v0x600003d00f30, 4, 0;
    %load/vec4 v0x600003d00990_0;
    %pad/u 32;
    %ix/load 4, 14, 0;
    %flag_set/imm 4, 0;
    %store/vec4a v0x600003d005a0, 4, 0;
    %load/vec4 v0x600003d00a20_0;
    %pad/u 32;
    %ix/load 4, 15, 0;
    %flag_set/imm 4, 0;
    %store/vec4a v0x600003d00f30, 4, 0;
    %load/vec4 v0x600003d00a20_0;
    %pad/u 32;
    %ix/load 4, 15, 0;
    %flag_set/imm 4, 0;
    %store/vec4a v0x600003d005a0, 4, 0;
    %fork t_1, S_0x130e04cb0;
    %jmp t_0;
    .scope S_0x130e04cb0;
t_1 ;
    %pushi/vec4 16, 0, 32;
    %store/vec4 v0x600003d00480_0, 0, 32;
T_0.0 ;
    %load/vec4 v0x600003d00480_0;
    %cmpi/s 1, 0, 32;
    %flag_or 5, 4; GT is !LE
    %flag_inv 5;
    %jmp/0xz T_0.1, 5;
    %fork t_3, S_0x130e09b20;
    %jmp t_2;
    .scope S_0x130e09b20;
t_3 ;
    %pushi/vec4 0, 0, 32;
    %store/vec4 v0x600003d00240_0, 0, 32;
T_0.2 ;
    %load/vec4 v0x600003d00240_0;
    %cmpi/s 16, 0, 32;
    %jmp/0xz T_0.3, 5;
    %fork t_5, S_0x130e09c90;
    %jmp t_4;
    .scope S_0x130e09c90;
t_5 ;
    %load/vec4 v0x600003d00240_0;
    %store/vec4 v0x600003d001b0_0, 0, 32;
T_0.4 ;
    %load/vec4 v0x600003d001b0_0;
    %load/vec4 v0x600003d00240_0;
    %load/vec4 v0x600003d00480_0;
    %pushi/vec4 2, 0, 32;
    %div/s;
    %add;
    %cmp/s;
    %jmp/0xz T_0.5, 5;
    %load/vec4 v0x600003d001b0_0;
    %pad/s 33;
    %load/vec4 v0x600003d00480_0;
    %pad/s 33;
    %pushi/vec4 2, 0, 33;
    %div/s;
    %add;
    %ix/vec4/s 4;
    %load/vec4a v0x600003d00f30, 4;
    %ix/getv/s 4, v0x600003d001b0_0;
    %load/vec4a v0x600003d00f30, 4;
    %cmp/u;
    %jmp/0xz  T_0.6, 5;
    %ix/getv/s 4, v0x600003d001b0_0;
    %load/vec4a v0x600003d00f30, 4;
    %store/vec4 v0x600003d00fc0_0, 0, 32;
    %load/vec4 v0x600003d001b0_0;
    %pad/s 33;
    %load/vec4 v0x600003d00480_0;
    %pad/s 33;
    %pushi/vec4 2, 0, 33;
    %div/s;
    %add;
    %ix/vec4/s 4;
    %load/vec4a v0x600003d00f30, 4;
    %ix/getv/s 4, v0x600003d001b0_0;
    %store/vec4a v0x600003d00f30, 4, 0;
    %load/vec4 v0x600003d00fc0_0;
    %load/vec4 v0x600003d001b0_0;
    %pad/s 33;
    %load/vec4 v0x600003d00480_0;
    %pad/s 33;
    %pushi/vec4 2, 0, 33;
    %div/s;
    %add;
    %ix/vec4/s 4;
    %store/vec4a v0x600003d00f30, 4, 0;
T_0.6 ;
    %load/vec4 v0x600003d001b0_0;
    %addi 1, 0, 32;
    %store/vec4 v0x600003d001b0_0, 0, 32;
    %jmp T_0.4;
T_0.5 ;
    %end;
    .scope S_0x130e09b20;
t_4 %join;
    %load/vec4 v0x600003d00240_0;
    %load/vec4 v0x600003d00480_0;
    %add;
    %store/vec4 v0x600003d00240_0, 0, 32;
    %jmp T_0.2;
T_0.3 ;
    %end;
    .scope S_0x130e04cb0;
t_2 %join;
    %load/vec4 v0x600003d00480_0;
    %pushi/vec4 2, 0, 32;
    %div/s;
    %store/vec4 v0x600003d00480_0, 0, 32;
    %jmp T_0.0;
T_0.1 ;
    %end;
    .scope S_0x130e04b40;
t_0 %join;
    %vpi_call 3 67 "$display", "nodeNumber: 1 first:%d sorted:%d", &A<v0x600003d005a0, 0>, &A<v0x600003d00f30, 0> {0 0 0};
    %vpi_call 3 68 "$display", "nodeNumber: 2 first:%d sorted:%d", &A<v0x600003d005a0, 1>, &A<v0x600003d00f30, 1> {0 0 0};
    %vpi_call 3 69 "$display", "nodeNumber: 3 first:%d sorted:%d", &A<v0x600003d005a0, 2>, &A<v0x600003d00f30, 2> {0 0 0};
    %vpi_call 3 70 "$display", "nodeNumber: 4 first:%d sorted:%d", &A<v0x600003d005a0, 3>, &A<v0x600003d00f30, 3> {0 0 0};
    %vpi_call 3 71 "$display", "nodeNumber: 5 first:%d sorted:%d", &A<v0x600003d005a0, 4>, &A<v0x600003d00f30, 4> {0 0 0};
    %vpi_call 3 72 "$display", "nodeNumber: 6 first:%d sorted:%d", &A<v0x600003d005a0, 5>, &A<v0x600003d00f30, 5> {0 0 0};
    %vpi_call 3 73 "$display", "nodeNumber: 7 first:%d sorted:%d", &A<v0x600003d005a0, 6>, &A<v0x600003d00f30, 6> {0 0 0};
    %vpi_call 3 74 "$display", "nodeNumber: 8 first:%d sorted:%d", &A<v0x600003d005a0, 7>, &A<v0x600003d00f30, 7> {0 0 0};
    %vpi_call 3 75 "$display", "nodeNumber: 9 first:%d sorted:%d", &A<v0x600003d005a0, 8>, &A<v0x600003d00f30, 8> {0 0 0};
    %vpi_call 3 76 "$display", "nodeNumber: 10 first:%d sorted:%d", &A<v0x600003d005a0, 9>, &A<v0x600003d00f30, 9> {0 0 0};
    %vpi_call 3 77 "$display", "nodeNumber: 11 first:%d sorted:%d", &A<v0x600003d005a0, 10>, &A<v0x600003d00f30, 10> {0 0 0};
    %vpi_call 3 78 "$display", "nodeNumber: 12 first:%d sorted:%d", &A<v0x600003d005a0, 11>, &A<v0x600003d00f30, 11> {0 0 0};
    %vpi_call 3 79 "$display", "nodeNumber: 13 first:%d sorted:%d", &A<v0x600003d005a0, 12>, &A<v0x600003d00f30, 12> {0 0 0};
    %vpi_call 3 80 "$display", "nodeNumber: 14 first:%d sorted:%d", &A<v0x600003d005a0, 13>, &A<v0x600003d00f30, 13> {0 0 0};
    %vpi_call 3 81 "$display", "nodeNumber: 15 first:%d sorted:%d", &A<v0x600003d005a0, 14>, &A<v0x600003d00f30, 14> {0 0 0};
    %vpi_call 3 82 "$display", "nodeNumber: 16 first:%d sorted:%d", &A<v0x600003d005a0, 15>, &A<v0x600003d00f30, 15> {0 0 0};
    %jmp T_0;
    .thread T_0;
    .scope S_0x130e06210;
T_1 ;
    %pushi/vec4 1, 0, 1;
    %store/vec4 v0x600003d00000_0, 0, 1;
    %pushi/vec4 3, 0, 16;
    %store/vec4 v0x600003d010e0_0, 0, 16;
    %pushi/vec4 5, 0, 16;
    %store/vec4 v0x600003d01170_0, 0, 16;
    %pushi/vec4 8, 0, 16;
    %store/vec4 v0x600003d01560_0, 0, 16;
    %pushi/vec4 9, 0, 16;
    %store/vec4 v0x600003d015f0_0, 0, 16;
    %pushi/vec4 10, 0, 16;
    %store/vec4 v0x600003d01680_0, 0, 16;
    %pushi/vec4 12, 0, 16;
    %store/vec4 v0x600003d01710_0, 0, 16;
    %pushi/vec4 14, 0, 16;
    %store/vec4 v0x600003d017a0_0, 0, 16;
    %pushi/vec4 20, 0, 16;
    %store/vec4 v0x600003d01830_0, 0, 16;
    %pushi/vec4 95, 0, 16;
    %store/vec4 v0x600003d018c0_0, 0, 16;
    %pushi/vec4 90, 0, 16;
    %store/vec4 v0x600003d01950_0, 0, 16;
    %pushi/vec4 60, 0, 16;
    %store/vec4 v0x600003d01200_0, 0, 16;
    %pushi/vec4 40, 0, 16;
    %store/vec4 v0x600003d01290_0, 0, 16;
    %pushi/vec4 35, 0, 16;
    %store/vec4 v0x600003d01320_0, 0, 16;
    %pushi/vec4 32, 0, 16;
    %store/vec4 v0x600003d013b0_0, 0, 16;
    %pushi/vec4 18, 0, 16;
    %store/vec4 v0x600003d01440_0, 0, 16;
    %pushi/vec4 0, 0, 16;
    %store/vec4 v0x600003d014d0_0, 0, 16;
    %end;
    .thread T_1;
# The file index is used to find the file name in the following table.
:file_names 4;
    "N/A";
    "<interactive>";
    "main_tb.v";
    "./main.v";
